Using pre-set license
Built from '2022.1/staging' branch; Version is '2022.1.12f1 (916d9c03b898) revision 9530780'; Using compiler version '192829333'; Build Type 'Release'
OS: 'Windows 11  (10.0.22000) 64bit Professional' Language: 'tr' Physical Memory: 14188 MB
BatchMode: 1, IsHumanControllingUs: 0, StartBugReporterOnCrash: 0, Is64bit: 1, IsPro: 1

COMMAND LINE ARGUMENTS:
C:\Program Files\Unity\Hub\Editor\2022.1.12f1\Editor\Unity.exe
-adb2
-batchMode
-noUpm
-name
AssetImportWorker0
-projectPath
C:/repo/Laser Defender
-logFile
Logs/AssetImportWorker0.log
-srvPort
55767
Successfully changed project path to: C:/repo/Laser Defender
C:/repo/Laser Defender
[UnityMemory] Configuration Parameters - Can be set up in boot.config
    "memorysetup-bucket-allocator-granularity=16"
    "memorysetup-bucket-allocator-bucket-count=8"
    "memorysetup-bucket-allocator-block-size=33554432"
    "memorysetup-bucket-allocator-block-count=8"
    "memorysetup-main-allocator-block-size=16777216"
    "memorysetup-thread-allocator-block-size=16777216"
    "memorysetup-gfx-main-allocator-block-size=16777216"
    "memorysetup-gfx-thread-allocator-block-size=16777216"
    "memorysetup-cache-allocator-block-size=4194304"
    "memorysetup-typetree-allocator-block-size=2097152"
    "memorysetup-profiler-bucket-allocator-granularity=16"
    "memorysetup-profiler-bucket-allocator-bucket-count=8"
    "memorysetup-profiler-bucket-allocator-block-size=33554432"
    "memorysetup-profiler-bucket-allocator-block-count=8"
    "memorysetup-profiler-allocator-block-size=16777216"
    "memorysetup-profiler-editor-allocator-block-size=1048576"
    "memorysetup-temp-allocator-size-main=16777216"
    "memorysetup-job-temp-allocator-block-size=2097152"
    "memorysetup-job-temp-allocator-block-size-background=1048576"
    "memorysetup-job-temp-allocator-reduction-small-platforms=262144"
    "memorysetup-temp-allocator-size-background-worker=32768"
    "memorysetup-temp-allocator-size-job-worker=262144"
    "memorysetup-temp-allocator-size-preload-manager=33554432"
    "memorysetup-temp-allocator-size-nav-mesh-worker=65536"
    "memorysetup-temp-allocator-size-audio-worker=65536"
    "memorysetup-temp-allocator-size-cloud-worker=32768"
    "memorysetup-temp-allocator-size-gi-baking-worker=262144"
    "memorysetup-temp-allocator-size-gfx=262144"
Refreshing native plugins compatible for Editor in 39.81 ms, found 3 plugins.
Preloading 0 native plugins for Editor in 0.00 ms.
Initialize engine version: 2022.1.12f1 (916d9c03b898)
[Subsystems] Discovering subsystems at path C:/Program Files/Unity/Hub/Editor/2022.1.12f1/Editor/Data/Resources/UnitySubsystems
[Subsystems] Discovering subsystems at path C:/repo/Laser Defender/Assets
GfxDevice: creating device client; threaded=0; jobified=0
Direct3D:
    Version:  Direct3D 11.0 [level 11.1]
    Renderer: NVIDIA GeForce RTX 3060 Laptop GPU (ID=0x2520)
    Vendor:   NVIDIA
    VRAM:     6025 MB
    Driver:   31.0.15.1694
Initialize mono
Mono path[0] = 'C:/Program Files/Unity/Hub/Editor/2022.1.12f1/Editor/Data/Managed'
Mono path[1] = 'C:/Program Files/Unity/Hub/Editor/2022.1.12f1/Editor/Data/MonoBleedingEdge/lib/mono/unityjit-win32'
Mono config path = 'C:/Program Files/Unity/Hub/Editor/2022.1.12f1/Editor/Data/MonoBleedingEdge/etc'
Using monoOptions --debugger-agent=transport=dt_socket,embedding=1,server=y,suspend=n,address=127.0.0.1:56916
Begin MonoManager ReloadAssembly
Registering precompiled unity dll's ...
Register platform support module: C:/Program Files/Unity/Hub/Editor/2022.1.12f1/Editor/Data/PlaybackEngines/AndroidPlayer/UnityEditor.Android.Extensions.dll
Register platform support module: C:/Program Files/Unity/Hub/Editor/2022.1.12f1/Editor/Data/PlaybackEngines/WindowsStandaloneSupport/UnityEditor.WindowsStandalone.Extensions.dll
Registered in 0.004103 seconds.
Native extension for WindowsStandalone target not found
Native extension for Android target not found
Refreshing native plugins compatible for Editor in 37.12 ms, found 3 plugins.
Preloading 0 native plugins for Editor in 0.00 ms.
Mono: successfully reloaded assembly
- Completed reload, in  0.603 seconds
Domain Reload Profiling:
	ReloadAssembly (604ms)
		BeginReloadAssembly (71ms)
			ExecutionOrderSort (0ms)
			DisableScriptedObjects (0ms)
			BackupInstance (0ms)
			ReleaseScriptingObjects (0ms)
			CreateAndSetChildDomain (1ms)
		EndReloadAssembly (436ms)
			LoadAssemblies (69ms)
			RebuildTransferFunctionScriptingTraits (0ms)
			SetupTypeCache (109ms)
				TypeCache.Initialize (109ms)
					TypeCache.ScanAssembly (107ms)
				ResolveRequiredComponents (0ms)
			ReleaseScriptCaches (0ms)
			RebuildScriptCaches (25ms)
			SetupLoadedEditorAssemblies (250ms)
				LogAssemblyErrors (0ms)
				InitializePlatformSupportModulesInManaged (60ms)
				SetLoadedEditorAssemblies (9ms)
				RefreshPlugins (37ms)
				BeforeProcessingInitializeOnLoad (1ms)
				ProcessInitializeOnLoadAttributes (101ms)
				ProcessInitializeOnLoadMethodAttributes (41ms)
				AfterProcessingInitializeOnLoad (0ms)
				EditorAssembliesLoaded (0ms)
			ExecutionOrderSort2 (0ms)
			AwakeInstancesAfterBackupRestoration (0ms)
Platform modules already initialized, skipping
Registering precompiled user dll's ...
Registered in 0.004702 seconds.
Begin MonoManager ReloadAssembly
Native extension for WindowsStandalone target not found
Native extension for Android target not found
Refreshing native plugins compatible for Editor in 36.57 ms, found 3 plugins.
Preloading 0 native plugins for Editor in 0.00 ms.
Mono: successfully reloaded assembly
- Completed reload, in  1.082 seconds
Domain Reload Profiling:
	ReloadAssembly (1083ms)
		BeginReloadAssembly (221ms)
			ExecutionOrderSort (0ms)
			DisableScriptedObjects (5ms)
			BackupInstance (0ms)
			ReleaseScriptingObjects (0ms)
			CreateAndSetChildDomain (129ms)
		EndReloadAssembly (741ms)
			LoadAssemblies (80ms)
			RebuildTransferFunctionScriptingTraits (0ms)
			SetupTypeCache (206ms)
				TypeCache.Initialize (204ms)
					TypeCache.ScanAssembly (199ms)
				ResolveRequiredComponents (2ms)
			ReleaseScriptCaches (1ms)
			RebuildScriptCaches (43ms)
			SetupLoadedEditorAssemblies (365ms)
				LogAssemblyErrors (0ms)
				InitializePlatformSupportModulesInManaged (12ms)
				SetLoadedEditorAssemblies (7ms)
				RefreshPlugins (37ms)
				BeforeProcessingInitializeOnLoad (61ms)
				ProcessInitializeOnLoadAttributes (205ms)
				ProcessInitializeOnLoadMethodAttributes (36ms)
				AfterProcessingInitializeOnLoad (7ms)
				EditorAssembliesLoaded (0ms)
			ExecutionOrderSort2 (0ms)
			AwakeInstancesAfterBackupRestoration (6ms)
Platform modules already initialized, skipping
========================================================================
Worker process is ready to serve import requests
Launched and connected shader compiler UnityShaderCompiler.exe after 0.04 seconds
Refreshing native plugins compatible for Editor in 1.33 ms, found 3 plugins.
Preloading 0 native plugins for Editor in 0.00 ms.
Unloading 2521 Unused Serialized files (Serialized files now loaded: 0)
Unloading 34 unused Assets / (57.9 KB). Loaded Objects now: 2990.
Memory consumption went from 489.0 MB to 489.0 MB.
Total: 7.748800 ms (FindLiveObjects: 0.791400 ms CreateObjectMapping: 0.479500 ms MarkObjects: 6.236900 ms  DeleteObjects: 0.238500 ms)

AssetImportParameters requested are different than current active one (requested -> active):
  custom:video-decoder-ogg-theora: a1e56fd34408186e4bbccfd4996cb3dc -> 
  custom:container-muxer-webm: aa71ff27fc2769a1b78a27578f13a17b -> 
  custom:container-demuxer-webm: 4f35f7cbe854078d1ac9338744f61a02 -> 
  custom:video-encoder-webm-vp8: eb34c28f22e8b96e1ab97ce403110664 -> 
  custom:audio-encoder-webm-vorbis: bf7c407c2cedff20999df2af8eb42d56 -> 
  custom:framework-win-MediaFoundation: 216162199b28c13a410421893ffa2e32 -> 
  custom:container-demuxer-ogg: 62fdf1f143b41e24485cea50d1cbac27 -> 
  custom:video-decoder-webm-vp8: 9c59270c3fd7afecdb556c50c9e8de78 -> 
  custom:audio-decoder-ogg-vorbis: bf7c407c2cedff20999df2af8eb42d56 -> 
========================================================================
Received Import Request.
  Time since last request: 980.605553 seconds.
  path: Assets/Prefabs
  artifactKey: Guid(8a0da904da0e4c42f981d9d1cb609d77) Importer(815301076,1909f56bfc062723c751e8b465ee728b)
Start importing Assets/Prefabs using Guid(8a0da904da0e4c42f981d9d1cb609d77) Importer(815301076,1909f56bfc062723c751e8b465ee728b)  -> (artifact id: '670102a9189338d96569323f8423fbf4') in 0.014009 seconds 
========================================================================
Received Import Request.
  Time since last request: 0.000038 seconds.
  path: Assets/Prefabs/Enemy Laser.prefab
  artifactKey: Guid(8a9644407bd0689cba87e481ab829783) Importer(815301076,1909f56bfc062723c751e8b465ee728b)
Start importing Assets/Prefabs/Enemy Laser.prefab using Guid(8a9644407bd0689cba87e481ab829783) Importer(815301076,1909f56bfc062723c751e8b465ee728b)  -> (artifact id: 'b054b549680fe5034eade9404ce89758') in 0.099936 seconds 
========================================================================
Received Import Request.
  Time since last request: 0.000030 seconds.
  path: Assets/Prefabs/Shredder.prefab
  artifactKey: Guid(4df5b3c4a45625480b91dd22b184c019) Importer(815301076,1909f56bfc062723c751e8b465ee728b)
Start importing Assets/Prefabs/Shredder.prefab using Guid(4df5b3c4a45625480b91dd22b184c019) Importer(815301076,1909f56bfc062723c751e8b465ee728b)  -> (artifact id: 'bcef5e9efda47502f22a49a78ec2ac55') in 0.008559 seconds 
========================================================================
Received Import Request.
  Time since last request: 0.000026 seconds.
  path: Assets/Prefabs/SceneLoader.prefab
  artifactKey: Guid(fafeaeca10c87ddd5bcd32305e1d5da7) Importer(815301076,1909f56bfc062723c751e8b465ee728b)
Start importing Assets/Prefabs/SceneLoader.prefab using Guid(fafeaeca10c87ddd5bcd32305e1d5da7) Importer(815301076,1909f56bfc062723c751e8b465ee728b)  -> (artifact id: '4a4f22ea0c71eff81e1f47b67c721b01') in 0.010127 seconds 
========================================================================
Received Import Request.
  Time since last request: 0.000036 seconds.
  path: Assets/Prefabs/Main Camera.prefab
  artifactKey: Guid(2f8ac083fc436eed29c12426773135e6) Importer(815301076,1909f56bfc062723c751e8b465ee728b)
Start importing Assets/Prefabs/Main Camera.prefab using Guid(2f8ac083fc436eed29c12426773135e6) Importer(815301076,1909f56bfc062723c751e8b465ee728b)  -> (artifact id: '591b7e4c346f573ace0aba9a70d14bae') in 0.008370 seconds 
========================================================================
Received Import Request.
  Time since last request: 0.000019 seconds.
  path: Assets/Prefabs/Enemy bomb.prefab
  artifactKey: Guid(7b0ef30c099eb62138d2e156a138fa52) Importer(815301076,1909f56bfc062723c751e8b465ee728b)
Start importing Assets/Prefabs/Enemy bomb.prefab using Guid(7b0ef30c099eb62138d2e156a138fa52) Importer(815301076,1909f56bfc062723c751e8b465ee728b)  -> (artifact id: '581d760451c0c52f73da725d0b71750d') in 0.013964 seconds 
========================================================================
Received Import Request.
  Time since last request: 0.000027 seconds.
  path: Assets/Prefabs/Background.prefab
  artifactKey: Guid(67c94f3e3a038a44e8842f42263530df) Importer(815301076,1909f56bfc062723c751e8b465ee728b)
Start importing Assets/Prefabs/Background.prefab using Guid(67c94f3e3a038a44e8842f42263530df) Importer(815301076,1909f56bfc062723c751e8b465ee728b)  -> (artifact id: '5db2db30e630a0a81ce39396683105fe') in 0.022540 seconds 
========================================================================
Received Import Request.
  Time since last request: 11.902641 seconds.
  path: Assets/SFX/laser3.ogg
  artifactKey: Guid(2345dc55798f4064389ddae8146f280b) Importer(815301076,1909f56bfc062723c751e8b465ee728b)
Start importing Assets/SFX/laser3.ogg using Guid(2345dc55798f4064389ddae8146f280b) Importer(815301076,1909f56bfc062723c751e8b465ee728b)  -> (artifact id: 'a01562ba4f8ea50d66a3898454db6f58') in 0.076228 seconds 
========================================================================
Received Import Request.
  Time since last request: 0.000017 seconds.
  path: Assets/SFX/lowThreeTone.ogg
  artifactKey: Guid(d216deb15c2f5c9d7ba0235b4e2702be) Importer(815301076,1909f56bfc062723c751e8b465ee728b)
Start importing Assets/SFX/lowThreeTone.ogg using Guid(d216deb15c2f5c9d7ba0235b4e2702be) Importer(815301076,1909f56bfc062723c751e8b465ee728b)  -> (artifact id: 'dc278f711fca4592d00f09eee9809fca') in 0.009892 seconds 
========================================================================
Received Import Request.
  Time since last request: 1.644937 seconds.
  path: Assets/Sprites/Component_WingShip_Spider_150x100.png
  artifactKey: Guid(035788979e895837eb84ff1648266335) Importer(815301076,1909f56bfc062723c751e8b465ee728b)
Start importing Assets/Sprites/Component_WingShip_Spider_150x100.png using Guid(035788979e895837eb84ff1648266335) Importer(815301076,1909f56bfc062723c751e8b465ee728b)  -> (artifact id: '3a759e5588dc6f7f2a3e90a787275b00') in 0.051065 seconds 
========================================================================
Received Import Request.
  Time since last request: 0.000020 seconds.
  path: Assets/Sprites/LowPoly_SpaceStation_IcePalace_190x162.png
  artifactKey: Guid(9f571542ad79e755bbb656661ef4be80) Importer(815301076,1909f56bfc062723c751e8b465ee728b)
Start importing Assets/Sprites/LowPoly_SpaceStation_IcePalace_190x162.png using Guid(9f571542ad79e755bbb656661ef4be80) Importer(815301076,1909f56bfc062723c751e8b465ee728b)  -> (artifact id: '3afff203f83f817a78ad700e4b1ccd4f') in 0.020521 seconds 
========================================================================
Received Import Request.
  Time since last request: 0.000023 seconds.
  path: Assets/Sprites/try4_13.png
  artifactKey: Guid(a3515f926631077588ffab4a280e1d0e) Importer(815301076,1909f56bfc062723c751e8b465ee728b)
Start importing Assets/Sprites/try4_13.png using Guid(a3515f926631077588ffab4a280e1d0e) Importer(815301076,1909f56bfc062723c751e8b465ee728b)  -> (artifact id: '47e0ccb7f3e001a764e2ca832728b5b2') in 0.015997 seconds 
========================================================================
Received Import Request.
  Time since last request: 1.938793 seconds.
  path: Assets/VFX/Explosion particle.prefab
  artifactKey: Guid(5793859334e445c61a334c30a4ebc6d4) Importer(815301076,1909f56bfc062723c751e8b465ee728b)
Start importing Assets/VFX/Explosion particle.prefab using Guid(5793859334e445c61a334c30a4ebc6d4) Importer(815301076,1909f56bfc062723c751e8b465ee728b)  -> (artifact id: 'ac80704f1106f73946bc087c7c27abc8') in 0.017070 seconds 
========================================================================
Received Import Request.
  Time since last request: 0.000035 seconds.
  path: Assets/VFX/Explosion_7.png
  artifactKey: Guid(eb25b1aaf43c963418d28bab4e9fc15e) Importer(815301076,1909f56bfc062723c751e8b465ee728b)
Start importing Assets/VFX/Explosion_7.png using Guid(eb25b1aaf43c963418d28bab4e9fc15e) Importer(815301076,1909f56bfc062723c751e8b465ee728b)  -> (artifact id: '4e6dec733b6173d1055c9374ccc3733f') in 0.019080 seconds 
========================================================================
Received Import Request.
  Time since last request: 0.000017 seconds.
  path: Assets/VFX/Explosion_2.png
  artifactKey: Guid(28ba41fdeedcf1d0ebd95c77f3390213) Importer(815301076,1909f56bfc062723c751e8b465ee728b)
Start importing Assets/VFX/Explosion_2.png using Guid(28ba41fdeedcf1d0ebd95c77f3390213) Importer(815301076,1909f56bfc062723c751e8b465ee728b)  -> (artifact id: '9f4e54eccf1b7399efac7d7dd67a36d7') in 0.019007 seconds 
========================================================================
Received Import Request.
  Time since last request: 2.010101 seconds.
  path: Assets/Paths/Path(1).prefab
  artifactKey: Guid(de4f4e39707142e89a7fec6644cc3a39) Importer(815301076,1909f56bfc062723c751e8b465ee728b)
Start importing Assets/Paths/Path(1).prefab using Guid(de4f4e39707142e89a7fec6644cc3a39) Importer(815301076,1909f56bfc062723c751e8b465ee728b)  -> (artifact id: 'd19341ce649b3b888900aa6898c5fca6') in 0.008028 seconds 
========================================================================
Received Import Request.
  Time since last request: 11.067073 seconds.
  path: Assets/Music/BossMain.wav
  artifactKey: Guid(40c0b48eb2b99fc08a4c93e0ca9245f4) Importer(815301076,1909f56bfc062723c751e8b465ee728b)
Start importing Assets/Music/BossMain.wav using Guid(40c0b48eb2b99fc08a4c93e0ca9245f4) Importer(815301076,1909f56bfc062723c751e8b465ee728b)  -> (artifact id: 'e7a57d7818d6cdf37bfccd68fa1ffcbc') in 0.018281 seconds 
========================================================================
Received Import Request.
  Time since last request: 0.000029 seconds.
  path: Assets/Music/Venus.wav
  artifactKey: Guid(f6f6c4b170365ad38b4489959026f51f) Importer(815301076,1909f56bfc062723c751e8b465ee728b)
Start importing Assets/Music/Venus.wav using Guid(f6f6c4b170365ad38b4489959026f51f) Importer(815301076,1909f56bfc062723c751e8b465ee728b)  -> (artifact id: 'b24542a35a08729a7d638f51791efd85') in 0.014244 seconds 
========================================================================
Received Import Request.
  Time since last request: 0.000020 seconds.
  path: Assets/Music/Warp Jingle.wav
  artifactKey: Guid(a5c5019842babbf9fa38f940f16eade0) Importer(815301076,1909f56bfc062723c751e8b465ee728b)
Start importing Assets/Music/Warp Jingle.wav using Guid(a5c5019842babbf9fa38f940f16eade0) Importer(815301076,1909f56bfc062723c751e8b465ee728b)  -> (artifact id: '489aa23d580eeeb9fe1822d6e54aaf8c') in 0.013669 seconds 
========================================================================
Received Prepare
Registering precompiled user dll's ...
Registered in 0.004182 seconds.
Begin MonoManager ReloadAssembly
Native extension for WindowsStandalone target not found
Native extension for Android target not found
Refreshing native plugins compatible for Editor in 0.78 ms, found 3 plugins.
Preloading 0 native plugins for Editor in 0.00 ms.
Mono: successfully reloaded assembly
- Completed reload, in  0.858 seconds
Domain Reload Profiling:
	ReloadAssembly (859ms)
		BeginReloadAssembly (117ms)
			ExecutionOrderSort (0ms)
			DisableScriptedObjects (5ms)
			BackupInstance (0ms)
			ReleaseScriptingObjects (0ms)
			CreateAndSetChildDomain (36ms)
		EndReloadAssembly (651ms)
			LoadAssemblies (68ms)
			RebuildTransferFunctionScriptingTraits (0ms)
			SetupTypeCache (176ms)
				TypeCache.Initialize (174ms)
					TypeCache.ScanAssembly (169ms)
				ResolveRequiredComponents (2ms)
			ReleaseScriptCaches (1ms)
			RebuildScriptCaches (47ms)
			SetupLoadedEditorAssemblies (304ms)
				LogAssemblyErrors (0ms)
				InitializePlatformSupportModulesInManaged (23ms)
				SetLoadedEditorAssemblies (6ms)
				RefreshPlugins (1ms)
				BeforeProcessingInitializeOnLoad (56ms)
				ProcessInitializeOnLoadAttributes (180ms)
				ProcessInitializeOnLoadMethodAttributes (34ms)
				AfterProcessingInitializeOnLoad (5ms)
				EditorAssembliesLoaded (0ms)
			ExecutionOrderSort2 (0ms)
			AwakeInstancesAfterBackupRestoration (8ms)
Platform modules already initialized, skipping
Refreshing native plugins compatible for Editor in 1.91 ms, found 3 plugins.
Preloading 0 native plugins for Editor in 0.00 ms.
Unloading 2497 Unused Serialized files (Serialized files now loaded: 0)
Unloading 21 unused Assets / (25.4 KB). Loaded Objects now: 3017.
Memory consumption went from 488.3 MB to 488.2 MB.
Total: 4.024200 ms (FindLiveObjects: 0.237900 ms CreateObjectMapping: 0.187600 ms MarkObjects: 3.565400 ms  DeleteObjects: 0.031900 ms)

AssetImportParameters requested are different than current active one (requested -> active):
  custom:video-decoder-ogg-theora: a1e56fd34408186e4bbccfd4996cb3dc -> 
  custom:container-muxer-webm: aa71ff27fc2769a1b78a27578f13a17b -> 
  custom:container-demuxer-webm: 4f35f7cbe854078d1ac9338744f61a02 -> 
  custom:video-encoder-webm-vp8: eb34c28f22e8b96e1ab97ce403110664 -> 
  custom:audio-encoder-webm-vorbis: bf7c407c2cedff20999df2af8eb42d56 -> 
  custom:framework-win-MediaFoundation: 216162199b28c13a410421893ffa2e32 -> 
  custom:container-demuxer-ogg: 62fdf1f143b41e24485cea50d1cbac27 -> 
  custom:video-decoder-webm-vp8: 9c59270c3fd7afecdb556c50c9e8de78 -> 
  custom:audio-decoder-ogg-vorbis: bf7c407c2cedff20999df2af8eb42d56 -> 
Editor requested this worker to shutdown with reason: Scaling down because of idle timeout
AssetImportWorker is now disconnected from the server
Process exiting
Exiting without the bug reporter. Application will terminate with return code 0