Using pre-set license
Built from '2022.1/staging' branch; Version is '2022.1.12f1 (916d9c03b898) revision 9530780'; Using compiler version '192829333'; Build Type 'Release'
OS: 'Windows 11  (10.0.22000) 64bit Professional' Language: 'tr' Physical Memory: 14188 MB
BatchMode: 1, IsHumanControllingUs: 0, StartBugReporterOnCrash: 0, Is64bit: 1, IsPro: 1

COMMAND LINE ARGUMENTS:
C:\Program Files\Unity\Hub\Editor\2022.1.12f1\Editor\Unity.exe
-adb2
-batchMode
-noUpm
-name
AssetImportWorker1
-projectPath
C:/repo/Laser Defender
-logFile
Logs/AssetImportWorker1.log
-srvPort
55767
Successfully changed project path to: C:/repo/Laser Defender
C:/repo/Laser Defender
[UnityMemory] Configuration Parameters - Can be set up in boot.config
    "memorysetup-bucket-allocator-granularity=16"
    "memorysetup-bucket-allocator-bucket-count=8"
    "memorysetup-bucket-allocator-block-size=33554432"
    "memorysetup-bucket-allocator-block-count=8"
    "memorysetup-main-allocator-block-size=16777216"
    "memorysetup-thread-allocator-block-size=16777216"
    "memorysetup-gfx-main-allocator-block-size=16777216"
    "memorysetup-gfx-thread-allocator-block-size=16777216"
    "memorysetup-cache-allocator-block-size=4194304"
    "memorysetup-typetree-allocator-block-size=2097152"
    "memorysetup-profiler-bucket-allocator-granularity=16"
    "memorysetup-profiler-bucket-allocator-bucket-count=8"
    "memorysetup-profiler-bucket-allocator-block-size=33554432"
    "memorysetup-profiler-bucket-allocator-block-count=8"
    "memorysetup-profiler-allocator-block-size=16777216"
    "memorysetup-profiler-editor-allocator-block-size=1048576"
    "memorysetup-temp-allocator-size-main=16777216"
    "memorysetup-job-temp-allocator-block-size=2097152"
    "memorysetup-job-temp-allocator-block-size-background=1048576"
    "memorysetup-job-temp-allocator-reduction-small-platforms=262144"
    "memorysetup-temp-allocator-size-background-worker=32768"
    "memorysetup-temp-allocator-size-job-worker=262144"
    "memorysetup-temp-allocator-size-preload-manager=33554432"
    "memorysetup-temp-allocator-size-nav-mesh-worker=65536"
    "memorysetup-temp-allocator-size-audio-worker=65536"
    "memorysetup-temp-allocator-size-cloud-worker=32768"
    "memorysetup-temp-allocator-size-gi-baking-worker=262144"
    "memorysetup-temp-allocator-size-gfx=262144"
Refreshing native plugins compatible for Editor in 38.83 ms, found 3 plugins.
Preloading 0 native plugins for Editor in 0.00 ms.
Initialize engine version: 2022.1.12f1 (916d9c03b898)
[Subsystems] Discovering subsystems at path C:/Program Files/Unity/Hub/Editor/2022.1.12f1/Editor/Data/Resources/UnitySubsystems
[Subsystems] Discovering subsystems at path C:/repo/Laser Defender/Assets
GfxDevice: creating device client; threaded=0; jobified=0
Direct3D:
    Version:  Direct3D 11.0 [level 11.1]
    Renderer: NVIDIA GeForce RTX 3060 Laptop GPU (ID=0x2520)
    Vendor:   NVIDIA
    VRAM:     6025 MB
    Driver:   31.0.15.1694
Initialize mono
Mono path[0] = 'C:/Program Files/Unity/Hub/Editor/2022.1.12f1/Editor/Data/Managed'
Mono path[1] = 'C:/Program Files/Unity/Hub/Editor/2022.1.12f1/Editor/Data/MonoBleedingEdge/lib/mono/unityjit-win32'
Mono config path = 'C:/Program Files/Unity/Hub/Editor/2022.1.12f1/Editor/Data/MonoBleedingEdge/etc'
Using monoOptions --debugger-agent=transport=dt_socket,embedding=1,server=y,suspend=n,address=127.0.0.1:56528
Begin MonoManager ReloadAssembly
Registering precompiled unity dll's ...
Register platform support module: C:/Program Files/Unity/Hub/Editor/2022.1.12f1/Editor/Data/PlaybackEngines/AndroidPlayer/UnityEditor.Android.Extensions.dll
Register platform support module: C:/Program Files/Unity/Hub/Editor/2022.1.12f1/Editor/Data/PlaybackEngines/WindowsStandaloneSupport/UnityEditor.WindowsStandalone.Extensions.dll
Registered in 0.004658 seconds.
Native extension for WindowsStandalone target not found
Native extension for Android target not found
Refreshing native plugins compatible for Editor in 37.55 ms, found 3 plugins.
Preloading 0 native plugins for Editor in 0.00 ms.
Mono: successfully reloaded assembly
- Completed reload, in  0.606 seconds
Domain Reload Profiling:
	ReloadAssembly (607ms)
		BeginReloadAssembly (72ms)
			ExecutionOrderSort (0ms)
			DisableScriptedObjects (0ms)
			BackupInstance (0ms)
			ReleaseScriptingObjects (0ms)
			CreateAndSetChildDomain (1ms)
		EndReloadAssembly (437ms)
			LoadAssemblies (70ms)
			RebuildTransferFunctionScriptingTraits (0ms)
			SetupTypeCache (109ms)
				TypeCache.Initialize (108ms)
					TypeCache.ScanAssembly (106ms)
				ResolveRequiredComponents (0ms)
			ReleaseScriptCaches (0ms)
			RebuildScriptCaches (26ms)
			SetupLoadedEditorAssemblies (252ms)
				LogAssemblyErrors (0ms)
				InitializePlatformSupportModulesInManaged (58ms)
				SetLoadedEditorAssemblies (9ms)
				RefreshPlugins (38ms)
				BeforeProcessingInitializeOnLoad (1ms)
				ProcessInitializeOnLoadAttributes (102ms)
				ProcessInitializeOnLoadMethodAttributes (44ms)
				AfterProcessingInitializeOnLoad (0ms)
				EditorAssembliesLoaded (0ms)
			ExecutionOrderSort2 (0ms)
			AwakeInstancesAfterBackupRestoration (0ms)
Platform modules already initialized, skipping
Registering precompiled user dll's ...
Registered in 0.003818 seconds.
Begin MonoManager ReloadAssembly
Native extension for WindowsStandalone target not found
Native extension for Android target not found
Refreshing native plugins compatible for Editor in 37.62 ms, found 3 plugins.
Preloading 0 native plugins for Editor in 0.00 ms.
Mono: successfully reloaded assembly
- Completed reload, in  1.072 seconds
Domain Reload Profiling:
	ReloadAssembly (1073ms)
		BeginReloadAssembly (221ms)
			ExecutionOrderSort (0ms)
			DisableScriptedObjects (5ms)
			BackupInstance (0ms)
			ReleaseScriptingObjects (0ms)
			CreateAndSetChildDomain (128ms)
		EndReloadAssembly (729ms)
			LoadAssemblies (80ms)
			RebuildTransferFunctionScriptingTraits (0ms)
			SetupTypeCache (189ms)
				TypeCache.Initialize (187ms)
					TypeCache.ScanAssembly (182ms)
				ResolveRequiredComponents (2ms)
			ReleaseScriptCaches (1ms)
			RebuildScriptCaches (46ms)
			SetupLoadedEditorAssemblies (367ms)
				LogAssemblyErrors (0ms)
				InitializePlatformSupportModulesInManaged (13ms)
				SetLoadedEditorAssemblies (8ms)
				RefreshPlugins (38ms)
				BeforeProcessingInitializeOnLoad (60ms)
				ProcessInitializeOnLoadAttributes (203ms)
				ProcessInitializeOnLoadMethodAttributes (41ms)
				AfterProcessingInitializeOnLoad (5ms)
				EditorAssembliesLoaded (0ms)
			ExecutionOrderSort2 (0ms)
			AwakeInstancesAfterBackupRestoration (5ms)
Platform modules already initialized, skipping
========================================================================
Worker process is ready to serve import requests
Launched and connected shader compiler UnityShaderCompiler.exe after 0.04 seconds
Refreshing native plugins compatible for Editor in 1.08 ms, found 3 plugins.
Preloading 0 native plugins for Editor in 0.00 ms.
Unloading 2521 Unused Serialized files (Serialized files now loaded: 0)
Unloading 34 unused Assets / (57.9 KB). Loaded Objects now: 2990.
Memory consumption went from 489.0 MB to 489.0 MB.
Total: 11.557300 ms (FindLiveObjects: 1.091700 ms CreateObjectMapping: 0.605400 ms MarkObjects: 8.592400 ms  DeleteObjects: 1.265800 ms)

AssetImportParameters requested are different than current active one (requested -> active):
  custom:video-decoder-ogg-theora: a1e56fd34408186e4bbccfd4996cb3dc -> 
  custom:container-muxer-webm: aa71ff27fc2769a1b78a27578f13a17b -> 
  custom:container-demuxer-webm: 4f35f7cbe854078d1ac9338744f61a02 -> 
  custom:video-encoder-webm-vp8: eb34c28f22e8b96e1ab97ce403110664 -> 
  custom:audio-encoder-webm-vorbis: bf7c407c2cedff20999df2af8eb42d56 -> 
  custom:framework-win-MediaFoundation: 216162199b28c13a410421893ffa2e32 -> 
  custom:container-demuxer-ogg: 62fdf1f143b41e24485cea50d1cbac27 -> 
  custom:video-decoder-webm-vp8: 9c59270c3fd7afecdb556c50c9e8de78 -> 
  custom:audio-decoder-ogg-vorbis: bf7c407c2cedff20999df2af8eb42d56 -> 
========================================================================
Received Import Request.
  Time since last request: 980.627740 seconds.
  path: Assets/Prefabs/Music Player.prefab
  artifactKey: Guid(3d6dd1da144cea0c190e7952893a04ac) Importer(815301076,1909f56bfc062723c751e8b465ee728b)
Start importing Assets/Prefabs/Music Player.prefab using Guid(3d6dd1da144cea0c190e7952893a04ac) Importer(815301076,1909f56bfc062723c751e8b465ee728b)  -> (artifact id: 'e7c7f18675de4e2d297367e05b96405c') in 0.046016 seconds 
========================================================================
Received Import Request.
  Time since last request: 0.000018 seconds.
  path: Assets/Prefabs/Game Session.prefab
  artifactKey: Guid(91f50309900db28f79f4da4ce599761c) Importer(815301076,1909f56bfc062723c751e8b465ee728b)
Start importing Assets/Prefabs/Game Session.prefab using Guid(91f50309900db28f79f4da4ce599761c) Importer(815301076,1909f56bfc062723c751e8b465ee728b)  -> (artifact id: 'f961382b6a35b29e6e5778a7b64dfb29') in 0.009756 seconds 
========================================================================
Received Import Request.
  Time since last request: 0.000034 seconds.
  path: Assets/Prefabs/Player.prefab
  artifactKey: Guid(2b1cd6bca22f7ff8985ad08f8624e559) Importer(815301076,1909f56bfc062723c751e8b465ee728b)
Start importing Assets/Prefabs/Player.prefab using Guid(2b1cd6bca22f7ff8985ad08f8624e559) Importer(815301076,1909f56bfc062723c751e8b465ee728b)  -> (artifact id: 'ed11183c10f6d5e2f23a8cb2af8534ba') in 0.078072 seconds 
========================================================================
Received Import Request.
  Time since last request: 0.000021 seconds.
  path: Assets/Prefabs/Player Laser.prefab
  artifactKey: Guid(8f8fb41a03ccde5deb9e51082462b5d4) Importer(815301076,1909f56bfc062723c751e8b465ee728b)
Start importing Assets/Prefabs/Player Laser.prefab using Guid(8f8fb41a03ccde5deb9e51082462b5d4) Importer(815301076,1909f56bfc062723c751e8b465ee728b)  -> (artifact id: '84fb1d177ef9f44e73e275db82a32f19') in 0.014346 seconds 
========================================================================
Received Import Request.
  Time since last request: 0.000026 seconds.
  path: Assets/Prefabs/Nebula Aqua-Pink.prefab
  artifactKey: Guid(64bfb3354ff74753092d87002877ca15) Importer(815301076,1909f56bfc062723c751e8b465ee728b)
Start importing Assets/Prefabs/Nebula Aqua-Pink.prefab using Guid(64bfb3354ff74753092d87002877ca15) Importer(815301076,1909f56bfc062723c751e8b465ee728b)  -> (artifact id: 'b10c75f2f22161dbc0e599c75e629f02') in 0.009509 seconds 
========================================================================
Received Import Request.
  Time since last request: 11.914641 seconds.
  path: Assets/SFX/laser5.ogg
  artifactKey: Guid(3be60f099f36389bb9188b55a84455b9) Importer(815301076,1909f56bfc062723c751e8b465ee728b)
Start importing Assets/SFX/laser5.ogg using Guid(3be60f099f36389bb9188b55a84455b9) Importer(815301076,1909f56bfc062723c751e8b465ee728b)  -> (artifact id: '1b0fdb21255704e5d00a358e9917205c') in 0.076125 seconds 
========================================================================
Received Import Request.
  Time since last request: 1.657710 seconds.
  path: Assets/Sprites/Fear_A_Shadow_100x100.png
  artifactKey: Guid(cd9e82aecde1db8a7bf428e1835bc704) Importer(815301076,1909f56bfc062723c751e8b465ee728b)
Start importing Assets/Sprites/Fear_A_Shadow_100x100.png using Guid(cd9e82aecde1db8a7bf428e1835bc704) Importer(815301076,1909f56bfc062723c751e8b465ee728b)  -> (artifact id: '4e7a542d767458e8bf92e704c83aca06') in 0.052082 seconds 
========================================================================
Received Import Request.
  Time since last request: 0.000024 seconds.
  path: Assets/Sprites/try4_05.png
  artifactKey: Guid(0ab093ea563dfd2d792d9c4a2035a8aa) Importer(815301076,1909f56bfc062723c751e8b465ee728b)
Start importing Assets/Sprites/try4_05.png using Guid(0ab093ea563dfd2d792d9c4a2035a8aa) Importer(815301076,1909f56bfc062723c751e8b465ee728b)  -> (artifact id: '5acd9c8f37085912af6e92df9ad22a08') in 0.023395 seconds 
========================================================================
Received Import Request.
  Time since last request: 1.954608 seconds.
  path: Assets/VFX/Explosion_1.png
  artifactKey: Guid(96ed8a43a24f8751281e8ad3ad37d3da) Importer(815301076,1909f56bfc062723c751e8b465ee728b)
Start importing Assets/VFX/Explosion_1.png using Guid(96ed8a43a24f8751281e8ad3ad37d3da) Importer(815301076,1909f56bfc062723c751e8b465ee728b)  -> (artifact id: 'c61cfb473c86d5ef02f02c0ee4fe3213') in 0.023407 seconds 
========================================================================
Received Import Request.
  Time since last request: 0.000038 seconds.
  path: Assets/VFX/Explosion_3.png
  artifactKey: Guid(226621b4312a198b290f2e3eafe3e66d) Importer(815301076,1909f56bfc062723c751e8b465ee728b)
Start importing Assets/VFX/Explosion_3.png using Guid(226621b4312a198b290f2e3eafe3e66d) Importer(815301076,1909f56bfc062723c751e8b465ee728b)  -> (artifact id: 'a005967d52249d1c3640559cb17132d4') in 0.023303 seconds 
========================================================================
Received Import Request.
  Time since last request: 0.000030 seconds.
  path: Assets/VFX/Explosion_5.png
  artifactKey: Guid(7bcd43dc283bc78fbb7eec9b82c816ca) Importer(815301076,1909f56bfc062723c751e8b465ee728b)
Start importing Assets/VFX/Explosion_5.png using Guid(7bcd43dc283bc78fbb7eec9b82c816ca) Importer(815301076,1909f56bfc062723c751e8b465ee728b)  -> (artifact id: 'dd78282dc8bb910dc3a31ad412da7199') in 0.027995 seconds 
========================================================================
Received Import Request.
  Time since last request: 1.991522 seconds.
  path: Assets/Paths/Path(2) .prefab
  artifactKey: Guid(311ef374a1bcefa85871cb0625cac79c) Importer(815301076,1909f56bfc062723c751e8b465ee728b)
Start importing Assets/Paths/Path(2) .prefab using Guid(311ef374a1bcefa85871cb0625cac79c) Importer(815301076,1909f56bfc062723c751e8b465ee728b)  -> (artifact id: '5b1d848b1de8744073bbf0c422633c19') in 0.007517 seconds 
========================================================================
Received Import Request.
  Time since last request: 0.000019 seconds.
  path: Assets/Paths/Path(3).prefab
  artifactKey: Guid(d0e05300eb6aabdcb884aec387e29f91) Importer(815301076,1909f56bfc062723c751e8b465ee728b)
Start importing Assets/Paths/Path(3).prefab using Guid(d0e05300eb6aabdcb884aec387e29f91) Importer(815301076,1909f56bfc062723c751e8b465ee728b)  -> (artifact id: 'dbb3981a17e368459409c93806ed8e70') in 0.012457 seconds 
========================================================================
Received Import Request.
  Time since last request: 11.051684 seconds.
  path: Assets/Music/Intro Jingle.wav
  artifactKey: Guid(e672fcfff7bdf2f36b443fffdab04011) Importer(815301076,1909f56bfc062723c751e8b465ee728b)
Start importing Assets/Music/Intro Jingle.wav using Guid(e672fcfff7bdf2f36b443fffdab04011) Importer(815301076,1909f56bfc062723c751e8b465ee728b)  -> (artifact id: 'a45eba4436a9168613dad35f6815ccb7') in 0.012510 seconds 
========================================================================
Received Import Request.
  Time since last request: 0.000019 seconds.
  path: Assets/Music/Map.wav
  artifactKey: Guid(1c24910ab92bf6d6d94c29c5825921d1) Importer(815301076,1909f56bfc062723c751e8b465ee728b)
Start importing Assets/Music/Map.wav using Guid(1c24910ab92bf6d6d94c29c5825921d1) Importer(815301076,1909f56bfc062723c751e8b465ee728b)  -> (artifact id: '9fd29873c6b26c371c0c873801905035') in 0.013722 seconds 
========================================================================
Received Import Request.
  Time since last request: 0.000040 seconds.
  path: Assets/Music/Win Jingle.wav
  artifactKey: Guid(21993250910f3874db189ffb3426ac66) Importer(815301076,1909f56bfc062723c751e8b465ee728b)
Start importing Assets/Music/Win Jingle.wav using Guid(21993250910f3874db189ffb3426ac66) Importer(815301076,1909f56bfc062723c751e8b465ee728b)  -> (artifact id: '8a18c93856f0b907c9d85282e57166f3') in 0.012552 seconds 
========================================================================
Received Import Request.
  Time since last request: 0.000034 seconds.
  path: Assets/Music/Map (basic version).wav
  artifactKey: Guid(4baa677960f63c6dc975073bc3b78128) Importer(815301076,1909f56bfc062723c751e8b465ee728b)
Start importing Assets/Music/Map (basic version).wav using Guid(4baa677960f63c6dc975073bc3b78128) Importer(815301076,1909f56bfc062723c751e8b465ee728b)  -> (artifact id: '74b482c1a3a0ec81fde695349d65719e') in 0.010429 seconds 
========================================================================
Received Prepare
Registering precompiled user dll's ...
Registered in 0.003357 seconds.
Begin MonoManager ReloadAssembly
Native extension for WindowsStandalone target not found
Native extension for Android target not found
Refreshing native plugins compatible for Editor in 0.71 ms, found 3 plugins.
Preloading 0 native plugins for Editor in 0.00 ms.
Mono: successfully reloaded assembly
- Completed reload, in  0.845 seconds
Domain Reload Profiling:
	ReloadAssembly (846ms)
		BeginReloadAssembly (116ms)
			ExecutionOrderSort (0ms)
			DisableScriptedObjects (5ms)
			BackupInstance (0ms)
			ReleaseScriptingObjects (0ms)
			CreateAndSetChildDomain (37ms)
		EndReloadAssembly (650ms)
			LoadAssemblies (66ms)
			RebuildTransferFunctionScriptingTraits (0ms)
			SetupTypeCache (181ms)
				TypeCache.Initialize (179ms)
					TypeCache.ScanAssembly (174ms)
				ResolveRequiredComponents (2ms)
			ReleaseScriptCaches (2ms)
			RebuildScriptCaches (44ms)
			SetupLoadedEditorAssemblies (302ms)
				LogAssemblyErrors (0ms)
				InitializePlatformSupportModulesInManaged (22ms)
				SetLoadedEditorAssemblies (6ms)
				RefreshPlugins (1ms)
				BeforeProcessingInitializeOnLoad (56ms)
				ProcessInitializeOnLoadAttributes (176ms)
				ProcessInitializeOnLoadMethodAttributes (36ms)
				AfterProcessingInitializeOnLoad (5ms)
				EditorAssembliesLoaded (0ms)
			ExecutionOrderSort2 (0ms)
			AwakeInstancesAfterBackupRestoration (8ms)
Platform modules already initialized, skipping
Refreshing native plugins compatible for Editor in 2.09 ms, found 3 plugins.
Preloading 0 native plugins for Editor in 0.00 ms.
Unloading 2497 Unused Serialized files (Serialized files now loaded: 0)
Unloading 21 unused Assets / (25.4 KB). Loaded Objects now: 3015.
Memory consumption went from 488.2 MB to 488.2 MB.
Total: 3.667400 ms (FindLiveObjects: 0.232700 ms CreateObjectMapping: 0.162500 ms MarkObjects: 3.231700 ms  DeleteObjects: 0.039400 ms)

AssetImportParameters requested are different than current active one (requested -> active):
  custom:video-decoder-ogg-theora: a1e56fd34408186e4bbccfd4996cb3dc -> 
  custom:container-muxer-webm: aa71ff27fc2769a1b78a27578f13a17b -> 
  custom:container-demuxer-webm: 4f35f7cbe854078d1ac9338744f61a02 -> 
  custom:video-encoder-webm-vp8: eb34c28f22e8b96e1ab97ce403110664 -> 
  custom:audio-encoder-webm-vorbis: bf7c407c2cedff20999df2af8eb42d56 -> 
  custom:framework-win-MediaFoundation: 216162199b28c13a410421893ffa2e32 -> 
  custom:container-demuxer-ogg: 62fdf1f143b41e24485cea50d1cbac27 -> 
  custom:video-decoder-webm-vp8: 9c59270c3fd7afecdb556c50c9e8de78 -> 
  custom:audio-decoder-ogg-vorbis: bf7c407c2cedff20999df2af8eb42d56 -> 
========================================================================
Received Prepare
Registering precompiled user dll's ...
Registered in 0.003605 seconds.
Begin MonoManager ReloadAssembly
Native extension for WindowsStandalone target not found
Native extension for Android target not found
Refreshing native plugins compatible for Editor in 0.61 ms, found 3 plugins.
Preloading 0 native plugins for Editor in 0.00 ms.
Mono: successfully reloaded assembly
- Completed reload, in  1.031 seconds
Domain Reload Profiling:
	ReloadAssembly (1032ms)
		BeginReloadAssembly (168ms)
			ExecutionOrderSort (0ms)
			DisableScriptedObjects (16ms)
			BackupInstance (0ms)
			ReleaseScriptingObjects (0ms)
			CreateAndSetChildDomain (57ms)
		EndReloadAssembly (754ms)
			LoadAssemblies (85ms)
			RebuildTransferFunctionScriptingTraits (0ms)
			SetupTypeCache (214ms)
				TypeCache.Initialize (211ms)
					TypeCache.ScanAssembly (204ms)
				ResolveRequiredComponents (3ms)
			ReleaseScriptCaches (2ms)
			RebuildScriptCaches (51ms)
			SetupLoadedEditorAssemblies (348ms)
				LogAssemblyErrors (0ms)
				InitializePlatformSupportModulesInManaged (27ms)
				SetLoadedEditorAssemblies (6ms)
				RefreshPlugins (1ms)
				BeforeProcessingInitializeOnLoad (60ms)
				ProcessInitializeOnLoadAttributes (203ms)
				ProcessInitializeOnLoadMethodAttributes (45ms)
				AfterProcessingInitializeOnLoad (6ms)
				EditorAssembliesLoaded (0ms)
			ExecutionOrderSort2 (0ms)
			AwakeInstancesAfterBackupRestoration (11ms)
Platform modules already initialized, skipping
Refreshing native plugins compatible for Editor in 1.90 ms, found 3 plugins.
Preloading 0 native plugins for Editor in 0.00 ms.
Unloading 2498 Unused Serialized files (Serialized files now loaded: 0)
Unloading 21 unused Assets / (32.5 KB). Loaded Objects now: 3018.
Memory consumption went from 488.5 MB to 488.4 MB.
Total: 3.779300 ms (FindLiveObjects: 0.236700 ms CreateObjectMapping: 0.211900 ms MarkObjects: 3.297500 ms  DeleteObjects: 0.031900 ms)

AssetImportParameters requested are different than current active one (requested -> active):
  custom:video-decoder-ogg-theora: a1e56fd34408186e4bbccfd4996cb3dc -> 
  custom:container-muxer-webm: aa71ff27fc2769a1b78a27578f13a17b -> 
  custom:container-demuxer-webm: 4f35f7cbe854078d1ac9338744f61a02 -> 
  custom:video-encoder-webm-vp8: eb34c28f22e8b96e1ab97ce403110664 -> 
  custom:audio-encoder-webm-vorbis: bf7c407c2cedff20999df2af8eb42d56 -> 
  custom:framework-win-MediaFoundation: 216162199b28c13a410421893ffa2e32 -> 
  custom:container-demuxer-ogg: 62fdf1f143b41e24485cea50d1cbac27 -> 
  custom:video-decoder-webm-vp8: 9c59270c3fd7afecdb556c50c9e8de78 -> 
  custom:audio-decoder-ogg-vorbis: bf7c407c2cedff20999df2af8eb42d56 -> 
========================================================================
Received Import Request.
  Time since last request: 189.159033 seconds.
  path: Assets/Scripts/Level.cs
  artifactKey: Guid(bf6c71d48923723e795a5c7ff89467c8) Importer(815301076,1909f56bfc062723c751e8b465ee728b)
Start importing Assets/Scripts/Level.cs using Guid(bf6c71d48923723e795a5c7ff89467c8) Importer(815301076,1909f56bfc062723c751e8b465ee728b)  -> (artifact id: '0b6dbda56ebd96ebd0eabc04af255e11') in 0.013292 seconds 
