Using pre-set license
Built from '2022.1/staging' branch; Version is '2022.1.12f1 (916d9c03b898) revision 9530780'; Using compiler version '192829333'; Build Type 'Release'
OS: 'Windows 10  (10.0.19044) 64bit Professional' Language: 'tr' Physical Memory: 14188 MB
BatchMode: 1, IsHumanControllingUs: 0, StartBugReporterOnCrash: 0, Is64bit: 1, IsPro: 1

COMMAND LINE ARGUMENTS:
C:\Program Files\Unity\Hub\Editor\2022.1.12f1\Editor\Unity.exe
-adb2
-batchMode
-noUpm
-name
AssetImportWorker0
-projectPath
C:/repo_unity/DuckDuckShoot
-logFile
Logs/AssetImportWorker0.log
-srvPort
56302
Successfully changed project path to: C:/repo_unity/DuckDuckShoot
C:/repo_unity/DuckDuckShoot
[UnityMemory] Configuration Parameters - Can be set up in boot.config
    "memorysetup-bucket-allocator-granularity=16"
    "memorysetup-bucket-allocator-bucket-count=8"
    "memorysetup-bucket-allocator-block-size=33554432"
    "memorysetup-bucket-allocator-block-count=8"
    "memorysetup-main-allocator-block-size=16777216"
    "memorysetup-thread-allocator-block-size=16777216"
    "memorysetup-gfx-main-allocator-block-size=16777216"
    "memorysetup-gfx-thread-allocator-block-size=16777216"
    "memorysetup-cache-allocator-block-size=4194304"
    "memorysetup-typetree-allocator-block-size=2097152"
    "memorysetup-profiler-bucket-allocator-granularity=16"
    "memorysetup-profiler-bucket-allocator-bucket-count=8"
    "memorysetup-profiler-bucket-allocator-block-size=33554432"
    "memorysetup-profiler-bucket-allocator-block-count=8"
    "memorysetup-profiler-allocator-block-size=16777216"
    "memorysetup-profiler-editor-allocator-block-size=1048576"
    "memorysetup-temp-allocator-size-main=16777216"
    "memorysetup-job-temp-allocator-block-size=2097152"
    "memorysetup-job-temp-allocator-block-size-background=1048576"
    "memorysetup-job-temp-allocator-reduction-small-platforms=262144"
    "memorysetup-temp-allocator-size-background-worker=32768"
    "memorysetup-temp-allocator-size-job-worker=262144"
    "memorysetup-temp-allocator-size-preload-manager=33554432"
    "memorysetup-temp-allocator-size-nav-mesh-worker=65536"
    "memorysetup-temp-allocator-size-audio-worker=65536"
    "memorysetup-temp-allocator-size-cloud-worker=32768"
    "memorysetup-temp-allocator-size-gi-baking-worker=262144"
    "memorysetup-temp-allocator-size-gfx=262144"
Refreshing native plugins compatible for Editor in 81.95 ms, found 4 plugins.
Preloading 0 native plugins for Editor in 0.00 ms.
Initialize engine version: 2022.1.12f1 (916d9c03b898)
[Subsystems] Discovering subsystems at path C:/Program Files/Unity/Hub/Editor/2022.1.12f1/Editor/Data/Resources/UnitySubsystems
[Subsystems] Discovering subsystems at path C:/repo_unity/DuckDuckShoot/Assets
GfxDevice: creating device client; threaded=0; jobified=0
Direct3D:
    Version:  Direct3D 11.0 [level 11.1]
    Renderer: NVIDIA GeForce RTX 3060 Laptop GPU (ID=0x2520)
    Vendor:   NVIDIA
    VRAM:     6025 MB
    Driver:   31.0.15.1694
Initialize mono
Mono path[0] = 'C:/Program Files/Unity/Hub/Editor/2022.1.12f1/Editor/Data/Managed'
Mono path[1] = 'C:/Program Files/Unity/Hub/Editor/2022.1.12f1/Editor/Data/MonoBleedingEdge/lib/mono/unityjit-win32'
Mono config path = 'C:/Program Files/Unity/Hub/Editor/2022.1.12f1/Editor/Data/MonoBleedingEdge/etc'
Using monoOptions --debugger-agent=transport=dt_socket,embedding=1,server=y,suspend=n,address=127.0.0.1:56772
Begin MonoManager ReloadAssembly
Registering precompiled unity dll's ...
Register platform support module: C:/Program Files/Unity/Hub/Editor/2022.1.12f1/Editor/Data/PlaybackEngines/AndroidPlayer/UnityEditor.Android.Extensions.dll
Register platform support module: C:/Program Files/Unity/Hub/Editor/2022.1.12f1/Editor/Data/PlaybackEngines/WindowsStandaloneSupport/UnityEditor.WindowsStandalone.Extensions.dll
Registered in 0.007945 seconds.
Native extension for WindowsStandalone target not found
Native extension for Android target not found
Refreshing native plugins compatible for Editor in 89.03 ms, found 4 plugins.
Preloading 0 native plugins for Editor in 0.00 ms.
Mono: successfully reloaded assembly
- Completed reload, in  0.716 seconds
Domain Reload Profiling:
	ReloadAssembly (716ms)
		BeginReloadAssembly (78ms)
			ExecutionOrderSort (0ms)
			DisableScriptedObjects (0ms)
			BackupInstance (0ms)
			ReleaseScriptingObjects (0ms)
			CreateAndSetChildDomain (1ms)
		EndReloadAssembly (524ms)
			LoadAssemblies (76ms)
			RebuildTransferFunctionScriptingTraits (0ms)
			SetupTypeCache (110ms)
				TypeCache.Initialize (110ms)
					TypeCache.ScanAssembly (109ms)
				ResolveRequiredComponents (0ms)
			ReleaseScriptCaches (0ms)
			RebuildScriptCaches (25ms)
			SetupLoadedEditorAssemblies (332ms)
				LogAssemblyErrors (0ms)
				InitializePlatformSupportModulesInManaged (58ms)
				SetLoadedEditorAssemblies (9ms)
				RefreshPlugins (89ms)
				BeforeProcessingInitializeOnLoad (1ms)
				ProcessInitializeOnLoadAttributes (129ms)
				ProcessInitializeOnLoadMethodAttributes (46ms)
				AfterProcessingInitializeOnLoad (0ms)
				EditorAssembliesLoaded (0ms)
			ExecutionOrderSort2 (0ms)
			AwakeInstancesAfterBackupRestoration (0ms)
Platform modules already initialized, skipping
Registering precompiled user dll's ...
Registered in 0.006711 seconds.
Begin MonoManager ReloadAssembly
Symbol file LoadedFromMemory doesn't match image C:\repo_unity\DuckDuckShoot\Library\PackageCache\com.unity.visualscripting@1.7.8\Editor\VisualScripting.Core\Dependencies\YamlDotNet\Unity.VisualScripting.YamlDotNet.dll
Symbol file LoadedFromMemory doesn't match image C:\repo_unity\DuckDuckShoot\Library\PackageCache\com.unity.visualscripting@1.7.8\Editor\VisualScripting.Core\Dependencies\DotNetZip\Unity.VisualScripting.IonicZip.dll
Native extension for WindowsStandalone target not found
Native extension for Android target not found
Refreshing native plugins compatible for Editor in 93.11 ms, found 4 plugins.
Preloading 0 native plugins for Editor in 0.00 ms.
Mono: successfully reloaded assembly
- Completed reload, in  1.304 seconds
Domain Reload Profiling:
	ReloadAssembly (1305ms)
		BeginReloadAssembly (232ms)
			ExecutionOrderSort (0ms)
			DisableScriptedObjects (8ms)
			BackupInstance (0ms)
			ReleaseScriptingObjects (0ms)
			CreateAndSetChildDomain (129ms)
		EndReloadAssembly (952ms)
			LoadAssemblies (86ms)
			RebuildTransferFunctionScriptingTraits (0ms)
			SetupTypeCache (242ms)
				TypeCache.Initialize (238ms)
					TypeCache.ScanAssembly (233ms)
				ResolveRequiredComponents (4ms)
			ReleaseScriptCaches (1ms)
			RebuildScriptCaches (58ms)
			SetupLoadedEditorAssemblies (500ms)
				LogAssemblyErrors (0ms)
				InitializePlatformSupportModulesInManaged (14ms)
				SetLoadedEditorAssemblies (7ms)
				RefreshPlugins (93ms)
				BeforeProcessingInitializeOnLoad (99ms)
				ProcessInitializeOnLoadAttributes (240ms)
				ProcessInitializeOnLoadMethodAttributes (41ms)
				AfterProcessingInitializeOnLoad (7ms)
				EditorAssembliesLoaded (0ms)
			ExecutionOrderSort2 (0ms)
			AwakeInstancesAfterBackupRestoration (5ms)
Platform modules already initialized, skipping
========================================================================
Worker process is ready to serve import requests
Launched and connected shader compiler UnityShaderCompiler.exe after 0.04 seconds
Refreshing native plugins compatible for Editor in 1.00 ms, found 4 plugins.
Preloading 0 native plugins for Editor in 0.00 ms.
Unloading 4095 Unused Serialized files (Serialized files now loaded: 0)
Unloading 39 unused Assets / (57.9 KB). Loaded Objects now: 4554.
Memory consumption went from 0.62 GB to 0.62 GB.
Total: 3.788400 ms (FindLiveObjects: 0.317700 ms CreateObjectMapping: 0.135500 ms MarkObjects: 3.244000 ms  DeleteObjects: 0.090500 ms)

AssetImportParameters requested are different than current active one (requested -> active):
  custom:video-decoder-ogg-theora: a1e56fd34408186e4bbccfd4996cb3dc -> 
  custom:container-muxer-webm: aa71ff27fc2769a1b78a27578f13a17b -> 
  custom:container-demuxer-webm: 4f35f7cbe854078d1ac9338744f61a02 -> 
  custom:video-encoder-webm-vp8: eb34c28f22e8b96e1ab97ce403110664 -> 
  custom:audio-encoder-webm-vorbis: bf7c407c2cedff20999df2af8eb42d56 -> 
  custom:framework-win-MediaFoundation: 216162199b28c13a410421893ffa2e32 -> 
  custom:container-demuxer-ogg: 62fdf1f143b41e24485cea50d1cbac27 -> 
  custom:video-decoder-webm-vp8: 9c59270c3fd7afecdb556c50c9e8de78 -> 
  custom:audio-decoder-ogg-vorbis: bf7c407c2cedff20999df2af8eb42d56 -> 
========================================================================
Received Import Request.
  Time since last request: 223713.235772 seconds.
  path: Assets/Scenes/GameScene.unity
  artifactKey: Guid(76718a234bba27d438d669a834ad7875) Importer(815301076,1909f56bfc062723c751e8b465ee728b)
Start importing Assets/Scenes/GameScene.unity using Guid(76718a234bba27d438d669a834ad7875) Importer(815301076,1909f56bfc062723c751e8b465ee728b)  -> (artifact id: '22fd4b1a3554d9c51ac7fdf3a171e95b') in 0.006887 seconds 
========================================================================
Received Prepare
Registering precompiled user dll's ...
Registered in 0.006910 seconds.
Begin MonoManager ReloadAssembly
Symbol file LoadedFromMemory doesn't match image C:\repo_unity\DuckDuckShoot\Library\PackageCache\com.unity.visualscripting@1.7.8\Editor\VisualScripting.Core\Dependencies\YamlDotNet\Unity.VisualScripting.YamlDotNet.dll
Symbol file LoadedFromMemory doesn't match image C:\repo_unity\DuckDuckShoot\Library\PackageCache\com.unity.visualscripting@1.7.8\Editor\VisualScripting.Core\Dependencies\DotNetZip\Unity.VisualScripting.IonicZip.dll
Native extension for WindowsStandalone target not found
Native extension for Android target not found
Refreshing native plugins compatible for Editor in 0.85 ms, found 4 plugins.
Preloading 0 native plugins for Editor in 0.00 ms.
Mono: successfully reloaded assembly
- Completed reload, in  0.870 seconds
Domain Reload Profiling:
	ReloadAssembly (871ms)
		BeginReloadAssembly (123ms)
			ExecutionOrderSort (0ms)
			DisableScriptedObjects (7ms)
			BackupInstance (0ms)
			ReleaseScriptingObjects (0ms)
			CreateAndSetChildDomain (40ms)
		EndReloadAssembly (664ms)
			LoadAssemblies (73ms)
			RebuildTransferFunctionScriptingTraits (0ms)
			SetupTypeCache (200ms)
				TypeCache.Initialize (196ms)
					TypeCache.ScanAssembly (191ms)
				ResolveRequiredComponents (3ms)
			ReleaseScriptCaches (1ms)
			RebuildScriptCaches (33ms)
			SetupLoadedEditorAssemblies (313ms)
				LogAssemblyErrors (0ms)
				InitializePlatformSupportModulesInManaged (18ms)
				SetLoadedEditorAssemblies (6ms)
				RefreshPlugins (1ms)
				BeforeProcessingInitializeOnLoad (63ms)
				ProcessInitializeOnLoadAttributes (185ms)
				ProcessInitializeOnLoadMethodAttributes (33ms)
				AfterProcessingInitializeOnLoad (7ms)
				EditorAssembliesLoaded (0ms)
			ExecutionOrderSort2 (0ms)
			AwakeInstancesAfterBackupRestoration (6ms)
Platform modules already initialized, skipping
Refreshing native plugins compatible for Editor in 2.15 ms, found 4 plugins.
Preloading 0 native plugins for Editor in 0.00 ms.
Unloading 4084 Unused Serialized files (Serialized files now loaded: 0)
Unloading 26 unused Assets / (25.4 KB). Loaded Objects now: 4557.
Memory consumption went from 0.62 GB to 0.62 GB.
Total: 3.027800 ms (FindLiveObjects: 0.316600 ms CreateObjectMapping: 0.098200 ms MarkObjects: 2.582500 ms  DeleteObjects: 0.029500 ms)

AssetImportParameters requested are different than current active one (requested -> active):
  custom:video-decoder-ogg-theora: a1e56fd34408186e4bbccfd4996cb3dc -> 
  custom:container-muxer-webm: aa71ff27fc2769a1b78a27578f13a17b -> 
  custom:container-demuxer-webm: 4f35f7cbe854078d1ac9338744f61a02 -> 
  custom:video-encoder-webm-vp8: eb34c28f22e8b96e1ab97ce403110664 -> 
  custom:audio-encoder-webm-vorbis: bf7c407c2cedff20999df2af8eb42d56 -> 
  custom:framework-win-MediaFoundation: 216162199b28c13a410421893ffa2e32 -> 
  custom:container-demuxer-ogg: 62fdf1f143b41e24485cea50d1cbac27 -> 
  custom:video-decoder-webm-vp8: 9c59270c3fd7afecdb556c50c9e8de78 -> 
  custom:audio-decoder-ogg-vorbis: bf7c407c2cedff20999df2af8eb42d56 -> 
========================================================================
Received Import Request.
  Time since last request: 512.080173 seconds.
  path: Assets/Scripts
  artifactKey: Guid(4e0a59e19adbe3f49ac8977730708843) Importer(815301076,1909f56bfc062723c751e8b465ee728b)
Start importing Assets/Scripts using Guid(4e0a59e19adbe3f49ac8977730708843) Importer(815301076,1909f56bfc062723c751e8b465ee728b)  -> (artifact id: '7e60322a082752b01cf6fd00d488a999') in 0.007304 seconds 
========================================================================
Received Import Request.
  Time since last request: 2.209601 seconds.
  path: Assets/Scenes
  artifactKey: Guid(131a6b21c8605f84396be9f6751fb6e3) Importer(815301076,1909f56bfc062723c751e8b465ee728b)
Start importing Assets/Scenes using Guid(131a6b21c8605f84396be9f6751fb6e3) Importer(815301076,1909f56bfc062723c751e8b465ee728b)  -> (artifact id: 'ce90847eb68a46711c52341880395d2e') in 0.006169 seconds 
========================================================================
Received Import Request.
  Time since last request: 0.346073 seconds.
  path: Assets/ShooterSpritePack
  artifactKey: Guid(8afce1b83867b704b927a9b8163efed2) Importer(815301076,1909f56bfc062723c751e8b465ee728b)
Start importing Assets/ShooterSpritePack using Guid(8afce1b83867b704b927a9b8163efed2) Importer(815301076,1909f56bfc062723c751e8b465ee728b)  -> (artifact id: '86a0e5ec796e8aef9d76964a8b70f8b6') in 0.006093 seconds 
========================================================================
Received Import Request.
  Time since last request: 1.233360 seconds.
  path: Assets/ShooterSpritePack/Sprites
  artifactKey: Guid(9c49a99a35be0964ebbdfcbd55a6d026) Importer(815301076,1909f56bfc062723c751e8b465ee728b)
Start importing Assets/ShooterSpritePack/Sprites using Guid(9c49a99a35be0964ebbdfcbd55a6d026) Importer(815301076,1909f56bfc062723c751e8b465ee728b)  -> (artifact id: '06dea3a0ab8ea725caf2671acb4c846a') in 0.011540 seconds 
========================================================================
Received Import Request.
  Time since last request: 0.757694 seconds.
  path: Assets/ShooterSpritePack/Prefabs
  artifactKey: Guid(29e4b8357d8a4f448a1dce151aa91195) Importer(815301076,1909f56bfc062723c751e8b465ee728b)
Start importing Assets/ShooterSpritePack/Prefabs using Guid(29e4b8357d8a4f448a1dce151aa91195) Importer(815301076,1909f56bfc062723c751e8b465ee728b)  -> (artifact id: '406549eca5e9eefcb9d7259ea71f8bcb') in 0.006848 seconds 
========================================================================
Received Import Request.
  Time since last request: 0.064946 seconds.
  path: Assets/ShooterSpritePack/Prefabs/SoldierProne.prefab
  artifactKey: Guid(13e049b898efa0a4c878a3cf7f55150e) Importer(815301076,1909f56bfc062723c751e8b465ee728b)
Start importing Assets/ShooterSpritePack/Prefabs/SoldierProne.prefab using Guid(13e049b898efa0a4c878a3cf7f55150e) Importer(815301076,1909f56bfc062723c751e8b465ee728b)  -> (artifact id: '995e13729d5491cc2ea0e5fce09e7a7c') in 0.119454 seconds 
========================================================================
Received Import Request.
  Time since last request: 3.732642 seconds.
  path: Assets/ShooterSpritePack/Sprites/PlayerProne
  artifactKey: Guid(55fb50dd98b23e54ab543cc56aa0f7dc) Importer(815301076,1909f56bfc062723c751e8b465ee728b)
Start importing Assets/ShooterSpritePack/Sprites/PlayerProne using Guid(55fb50dd98b23e54ab543cc56aa0f7dc) Importer(815301076,1909f56bfc062723c751e8b465ee728b)  -> (artifact id: '09e927766fa7ef195e7cef45943ed4ee') in 0.006042 seconds 
========================================================================
Received Import Request.
  Time since last request: 0.055242 seconds.
  path: Assets/ShooterSpritePack/Sprites/PlayerProne/SoldierProne0.png
  artifactKey: Guid(92dce16a1b97ab843ba90468ba3aa9c0) Importer(815301076,1909f56bfc062723c751e8b465ee728b)
Start importing Assets/ShooterSpritePack/Sprites/PlayerProne/SoldierProne0.png using Guid(92dce16a1b97ab843ba90468ba3aa9c0) Importer(815301076,1909f56bfc062723c751e8b465ee728b)  -> (artifact id: '95a7ec5e93b9da84ac2e9e8ef3107fca') in 0.062229 seconds 
========================================================================
Received Import Request.
  Time since last request: 0.000024 seconds.
  path: Assets/ShooterSpritePack/Sprites/PlayerProne/SoldierProne6.png
  artifactKey: Guid(0a88c58cbc332d24ba155809b40078c2) Importer(815301076,1909f56bfc062723c751e8b465ee728b)
Start importing Assets/ShooterSpritePack/Sprites/PlayerProne/SoldierProne6.png using Guid(0a88c58cbc332d24ba155809b40078c2) Importer(815301076,1909f56bfc062723c751e8b465ee728b)  -> (artifact id: 'b139f22fe00e1cd80039f7b839295bea') in 0.016551 seconds 
========================================================================
Received Import Request.
  Time since last request: 0.000022 seconds.
  path: Assets/ShooterSpritePack/Sprites/PlayerProne/SoldierProne3.png
  artifactKey: Guid(f77ca761fd10f044089c23744e97c1aa) Importer(815301076,1909f56bfc062723c751e8b465ee728b)
Start importing Assets/ShooterSpritePack/Sprites/PlayerProne/SoldierProne3.png using Guid(f77ca761fd10f044089c23744e97c1aa) Importer(815301076,1909f56bfc062723c751e8b465ee728b)  -> (artifact id: '45218c5a172a43fc14cad1f49d9f65a2') in 0.015510 seconds 
========================================================================
Received Import Request.
  Time since last request: 0.000030 seconds.
  path: Assets/ShooterSpritePack/Sprites/PlayerProne/SoldierProne4.png
  artifactKey: Guid(e49f795b96a20bd4799387b1c59f792a) Importer(815301076,1909f56bfc062723c751e8b465ee728b)
Start importing Assets/ShooterSpritePack/Sprites/PlayerProne/SoldierProne4.png using Guid(e49f795b96a20bd4799387b1c59f792a) Importer(815301076,1909f56bfc062723c751e8b465ee728b)  -> (artifact id: '553558933e54e77961bf8c3e1c86441f') in 0.019301 seconds 
========================================================================
Received Import Request.
  Time since last request: 0.000022 seconds.
  path: Assets/ShooterSpritePack/Sprites/PlayerProne/SoldierProne2.png
  artifactKey: Guid(537b29ac5434be64bbc0221a8ef54972) Importer(815301076,1909f56bfc062723c751e8b465ee728b)
Start importing Assets/ShooterSpritePack/Sprites/PlayerProne/SoldierProne2.png using Guid(537b29ac5434be64bbc0221a8ef54972) Importer(815301076,1909f56bfc062723c751e8b465ee728b)  -> (artifact id: 'e761f3f9ba5666aec7b71533d376bfe7') in 0.025959 seconds 
